<?xml version="1.0" encoding="UTF-8"?>
<!-- Generated by org.testng.reporters.JUnitXMLReporter -->
<testsuite ignored="1" hostname="LAPTOP-GAB8185M" failures="0" tests="1" name="Default test" time="2.104" errors="0" timestamp="2026-01-24T12:56:22 IST">
  <testcase classname="schemavalidation.SchemaValidationTest" name="getUsersAPISchemaTest" time="2.061"/>
  <testcase classname="schemavalidation.SchemaValidationTest" name="createUserAPISchemaTest" time="0.0">
    <ignored/>
  </testcase> <!-- createUserAPISchemaTest -->
</testsuite> <!-- Default test -->
