<?xml version="1.0" encoding="UTF-8"?>
<testng-results ignored="1" total="2" passed="1" failed="0" skipped="0">
  <reporter-output>
  </reporter-output>
  <suite started-at="2026-01-24T12:56:20 IST" name="Default suite" finished-at="2026-01-24T12:56:22 IST" duration-ms="2104">
    <groups>
    </groups>
    <test started-at="2026-01-24T12:56:20 IST" name="Default test" finished-at="2026-01-24T12:56:22 IST" duration-ms="2104">
      <class name="schemavalidation.SchemaValidationTest">
        <test-method signature="getUsersAPISchemaTest()[pri:0, instance:schemavalidation.SchemaValidationTest@384ad17b]" started-at="2026-01-24T12:56:20 IST" name="getUsersAPISchemaTest" finished-at="2026-01-24T12:56:22 IST" duration-ms="2061" status="PASS">
          <reporter-output>
          </reporter-output>
        </test-method> <!-- getUsersAPISchemaTest -->
      </class> <!-- schemavalidation.SchemaValidationTest -->
    </test> <!-- Default test -->
  </suite> <!-- Default suite -->
</testng-results>
