<?xml version="1.0" encoding="UTF-8"?>
<!-- Generated by org.testng.reporters.JUnitReportReporter -->
<testsuite hostname="LAPTOP-GAB8185M" failures="0" tests="1" name="RequestResponseSpecification.ResponseSpecificationTest" time="1.604" errors="0" timestamp="2026-01-21T10:27:00 IST" skipped="0">
  <testcase classname="RequestResponseSpecification.ResponseSpecificationTest" name="responseSpecTest" time="1.604"/>
  <system-out/>
</testsuite> <!-- RequestResponseSpecification.ResponseSpecificationTest -->
