<?xml version="1.0" encoding="UTF-8"?>
<!-- Generated by org.testng.reporters.JUnitReportReporter -->
<testsuite hostname="LAPTOP-GAB8185M" failures="0" tests="1" name="PostAPIWithDifferentBodyTypes.PostAPIWithDifferentBody" time="2.589" errors="0" timestamp="2026-01-17T18:37:32 IST" skipped="0">
  <testcase classname="PostAPIWithDifferentBodyTypes.PostAPIWithDifferentBody" name="bodyWithImageFileTest" time="2.589"/>
  <system-out/>
</testsuite> <!-- PostAPIWithDifferentBodyTypes.PostAPIWithDifferentBody -->
