<?xml version="1.0" encoding="UTF-8"?>
<!-- Generated by org.testng.reporters.JUnitReportReporter -->
<testsuite hostname="LAPTOP-GAB8185M" failures="0" tests="3" name="RequestResponseSpecification.RequestSpecReuseTest" time="1.805" errors="0" timestamp="2026-01-21T10:19:39 IST" skipped="0">
  <testcase classname="RequestResponseSpecification.RequestSpecReuseTest" name="getUserTest" time="0.178"/>
  <system-out/>
  <testcase classname="RequestResponseSpecification.RequestSpecReuseTest" name="getSingleUserTest" time="0.647"/>
  <system-out/>
  <testcase classname="RequestResponseSpecification.RequestSpecReuseTest" name="getInvalidUserTest" time="0.980"/>
  <system-out/>
</testsuite> <!-- RequestResponseSpecification.RequestSpecReuseTest -->
