<?xml version="1.0" encoding="UTF-8"?>
<!-- Generated by org.testng.reporters.JUnitReportReporter -->
<testsuite hostname="LAPTOP-GAB8185M" failures="0" tests="4" name="BookingAPITest.BookingAPITest" time="7.095" errors="0" timestamp="2026-01-18T13:08:23 IST" skipped="0">
  <testcase classname="BookingAPITest.BookingAPITest" name="deleteBookingTest" time="2.052"/>
  <system-out/>
  <testcase classname="BookingAPITest.BookingAPITest" name="createBookingTest" time="0.998"/>
  <system-out/>
  <testcase classname="BookingAPITest.BookingAPITest" name="getBookingTest" time="2.068"/>
  <system-out/>
  <testcase classname="BookingAPITest.BookingAPITest" name="updateBookingTest" time="1.977"/>
  <system-out/>
</testsuite> <!-- BookingAPITest.BookingAPITest -->
