<?xml version="1.0" encoding="UTF-8"?>
<!-- Generated by org.testng.reporters.JUnitReportReporter -->
<testsuite hostname="LAPTOP-GAB8185M" failures="0" tests="1" name="RequestResponseSpecification.RequestSpecificationTest" time="1.499" errors="0" timestamp="2026-01-21T10:14:25 IST" skipped="0">
  <testcase classname="RequestResponseSpecification.RequestSpecificationTest" name="reqSpecGoRestAPIWithQueryParamTest" time="1.499"/>
  <system-out/>
</testsuite> <!-- RequestResponseSpecification.RequestSpecificationTest -->
