<?xml version="1.0" encoding="UTF-8"?>
<!-- Generated by org.testng.reporters.JUnitReportReporter -->
<testsuite hostname="LAPTOP-GAB8185M" failures="0" tests="1" name="CreateUserWithPOJOAndLombok.CreateUserWithLombokTest" time="2.165" errors="0" timestamp="2026-01-18T09:47:53 IST" skipped="0">
  <testcase classname="CreateUserWithPOJOAndLombok.CreateUserWithLombokTest" name="addUserLombokBuilderWithGetterTest" time="2.165"/>
  <system-out/>
</testsuite> <!-- CreateUserWithPOJOAndLombok.CreateUserWithLombokTest -->
